13:52:48 INFO  : Registering command handlers for SDK TCF services
13:52:49 INFO  : Launching XSCT server: xsct -n -interactive /home/zummo/snoplus/TUBii/workspace_tubii_2/temp_xsdb_launch_script.tcl
13:52:54 INFO  : XSCT server has started successfully.
13:53:15 INFO  : Successfully done setting XSCT server connection channel  
13:53:15 INFO  : Successfully done setting SDK workspace  
13:53:15 INFO  : Processing command line option -hwspec /home/zummo/snoplus/TUBii/workspace_tubii_2/system_wrapper.hdf.
18:22:31 INFO  : Launching XSCT server: xsct -n -interactive /home/zummo/snoplus/TUBii/workspace_tubii_2/temp_xsdb_launch_script.tcl
18:22:41 INFO  : XSCT server has started successfully.
18:23:00 INFO  : Successfully done setting XSCT server connection channel  
18:23:00 INFO  : Successfully done setting SDK workspace  
18:23:56 INFO  : Registering command handlers for SDK TCF services
18:23:56 INFO  : Processing command line option -hwspec /home/zummo/snoplus/TUBii/workspace_tubii_2/system_wrapper.hdf.
18:24:15 INFO  : Checking for hwspec changes in the project system_wrapper_hw_platform_0.
18:24:15 INFO  : SDK has detected change in the last modified timestamps for source hardware specification file Source:1548803726000,  Project:1548438765000
18:24:15 INFO  : The hardware specification for project 'system_wrapper_hw_platform_0' is different from /home/zummo/snoplus/TUBii/workspace_tubii_2/system_wrapper.hdf.
18:24:16 INFO  : Copied contents of /home/zummo/snoplus/TUBii/workspace_tubii_2/system_wrapper.hdf into /system_wrapper_hw_platform_0/system.hdf.
18:24:21 INFO  : Synchronizing projects in the workspace with the hardware platform specification changes.
18:24:31 INFO  : 
18:24:32 INFO  : Clearing existing target manager status.
18:24:32 INFO  : Closing and re-opening the MSS file of ther project standalone_bsp_0
18:24:35 INFO  : Workspace synchronized with the new hardware specification file. Cleaning dependent projects...
18:24:42 WARN  : Linker script will not be updated automatically. Users need to update it manually.
11:28:29 INFO  : Launching XSCT server: xsct -n -interactive /home/zummo/snoplus/TUBii/workspace_tubii_2/temp_xsdb_launch_script.tcl
11:28:33 INFO  : XSCT server has started successfully.
11:28:33 INFO  : Successfully done setting XSCT server connection channel  
11:28:57 INFO  : Successfully done setting SDK workspace  
11:29:01 INFO  : Registering command handlers for SDK TCF services
11:29:05 INFO  : Processing command line option -hwspec /home/zummo/snoplus/TUBii/workspace_tubii_2/system_wrapper.hdf.
11:29:09 INFO  : Checking for hwspec changes in the project system_wrapper_hw_platform_0.
12:12:16 INFO  : Launching XSCT server: xsct -n -interactive /home/zummo/snoplus/TUBii/workspace_tubii_2/temp_xsdb_launch_script.tcl
12:12:18 INFO  : XSCT server has started successfully.
12:12:27 INFO  : Successfully done setting XSCT server connection channel  
12:12:27 INFO  : Successfully done setting SDK workspace  
12:12:32 INFO  : Registering command handlers for SDK TCF services
12:12:34 INFO  : Processing command line option -hwspec /home/zummo/snoplus/TUBii/workspace_tubii_2/system_wrapper.hdf.
12:12:36 INFO  : Checking for hwspec changes in the project system_wrapper_hw_platform_0.
13:53:25 INFO  : Invoking Bootgen: bootgen -image FSBL_tubii.bif -arch zynq -o /home/zummo/snoplus/TUBii/workspace_tubii_2/FSBL_tubii/bootimage/bootimage.bin
13:53:25 INFO  : Creating new bif file /home/zummo/snoplus/TUBii/workspace_tubii_2/FSBL_tubii/bootimage/FSBL_tubii.bif
13:53:28 INFO  : Bootgen command execution is done.
17:00:51 INFO  : Registering command handlers for SDK TCF services
17:00:53 INFO  : Launching XSCT server: xsct -n -interactive /home/zummo/snoplus/TUBii/workspace_tubii/temp_xsdb_launch_script.tcl
17:00:58 INFO  : XSCT server has started successfully.
17:01:18 INFO  : Successfully done setting XSCT server connection channel  
17:01:18 INFO  : Successfully done setting SDK workspace  
17:01:18 INFO  : Processing command line option -hwspec /home/zummo/snoplus/TUBii/workspace_tubii/system_wrapper.hdf.
17:24:12 INFO  : Registering command handlers for SDK TCF services
17:24:17 INFO  : Launching XSCT server: xsct -n -interactive /home/zummo/snoplus/TUBii/workspace_tubii/temp_xsdb_launch_script.tcl
17:24:26 INFO  : XSCT server has started successfully.
17:24:45 INFO  : Successfully done setting XSCT server connection channel  
17:24:45 INFO  : Successfully done setting SDK workspace  
17:24:46 INFO  : Processing command line option -hwspec /home/zummo/snoplus/TUBii/workspace_tubii/system_wrapper.hdf.
17:26:27 INFO  : Launching XSCT server: xsct -n -interactive /home/zummo/snoplus/TUBii/workspace_tubii/temp_xsdb_launch_script.tcl
17:26:29 INFO  : XSCT server has started successfully.
17:26:29 INFO  : Successfully done setting XSCT server connection channel  
17:26:33 INFO  : Successfully done setting SDK workspace  
17:26:35 INFO  : Registering command handlers for SDK TCF services
17:26:35 INFO  : Processing command line option -hwspec /home/zummo/snoplus/TUBii/workspace_tubii/system_wrapper.hdf.
18:15:05 INFO  : Invoking Bootgen: bootgen -image FSBL_tubii.bif -arch zynq -o /home/zummo/snoplus/TUBii/workspace_tubii/FSBL_tubii/bootimage/BOOT.bin
18:15:05 INFO  : Overwriting existing bif file /home/zummo/snoplus/TUBii/workspace_tubii/FSBL_tubii/bootimage/FSBL_tubii.bif
18:15:06 INFO  : Bootgen command execution is done.
20:27:09 INFO  : Registering command handlers for SDK TCF services
20:27:12 INFO  : Launching XSCT server: xsct -n -interactive /home/zummo/snoplus/TUBii/workspace_tubii/temp_xsdb_launch_script.tcl
20:27:20 INFO  : XSCT server has started successfully.
20:27:20 INFO  : Successfully done setting XSCT server connection channel  
20:27:42 INFO  : Successfully done setting SDK workspace  
20:27:42 INFO  : Processing command line option -hwspec /home/zummo/snoplus/TUBii/workspace_tubii/system_wrapper.hdf.
20:27:42 INFO  : Checking for hwspec changes in the project system_wrapper_hw_platform_0.
20:28:31 INFO  : Registering command handlers for SDK TCF services
20:28:32 INFO  : Launching XSCT server: xsct -n -interactive /home/zummo/snoplus/TUBii/workspace_tubii/temp_xsdb_launch_script.tcl
20:28:34 INFO  : XSCT server has started successfully.
20:28:34 INFO  : Successfully done setting XSCT server connection channel  
20:28:34 INFO  : Successfully done setting SDK workspace  
20:28:34 INFO  : Processing command line option -hwspec /home/zummo/snoplus/TUBii/workspace_tubii/system_wrapper.hdf.
17:44:28 INFO  : Launching XSCT server: xsct -n -interactive /home/zummo/snoplus/TUBii/workspace_tubii/temp_xsdb_launch_script.tcl
17:44:32 INFO  : XSCT server has started successfully.
17:44:56 INFO  : Successfully done setting XSCT server connection channel  
17:44:56 INFO  : Successfully done setting SDK workspace  
17:45:00 INFO  : Registering command handlers for SDK TCF services
17:45:07 INFO  : Processing command line option -hwspec /home/zummo/snoplus/TUBii/workspace_tubii/system_wrapper.hdf.
17:45:11 INFO  : Checking for hwspec changes in the project system_wrapper_hw_platform_0.
17:47:58 INFO  : Registering command handlers for SDK TCF services
17:47:59 INFO  : Launching XSCT server: xsct -n -interactive /home/zummo/snoplus/TUBii/workspace_tubii/temp_xsdb_launch_script.tcl
17:48:02 INFO  : XSCT server has started successfully.
17:48:02 INFO  : Successfully done setting XSCT server connection channel  
17:48:02 INFO  : Successfully done setting SDK workspace  
17:48:02 INFO  : Processing command line option -hwspec /home/zummo/snoplus/TUBii/workspace_tubii/system_wrapper.hdf.
19:33:00 INFO  : Registering command handlers for SDK TCF services
19:33:02 INFO  : Launching XSCT server: xsct -n -interactive /home/zummo/snoplus/TUBii/workspace_tubii/temp_xsdb_launch_script.tcl
19:33:09 INFO  : XSCT server has started successfully.
19:33:09 INFO  : Successfully done setting XSCT server connection channel  
19:33:31 INFO  : Successfully done setting SDK workspace  
19:33:31 INFO  : Processing command line option -hwspec /home/zummo/snoplus/TUBii/workspace_tubii/system_wrapper.hdf.
19:33:32 INFO  : Checking for hwspec changes in the project system_wrapper_hw_platform_0.
19:36:08 INFO  : Registering command handlers for SDK TCF services
19:36:10 INFO  : Launching XSCT server: xsct -n -interactive /home/zummo/snoplus/TUBii/workspace_tubii/temp_xsdb_launch_script.tcl
19:36:13 INFO  : XSCT server has started successfully.
19:36:13 INFO  : Successfully done setting XSCT server connection channel  
19:36:13 INFO  : Successfully done setting SDK workspace  
19:36:13 INFO  : Processing command line option -hwspec /home/zummo/snoplus/TUBii/workspace_tubii/system_wrapper.hdf.
17:00:18 INFO  : Launching XSCT server: xsct -n -interactive /home/zummo/snoplus/TUBii/workspace_tubii/temp_xsdb_launch_script.tcl
17:00:22 INFO  : XSCT server has started successfully.
17:00:45 INFO  : Successfully done setting XSCT server connection channel  
17:00:45 INFO  : Successfully done setting SDK workspace  
17:00:48 INFO  : Registering command handlers for SDK TCF services
17:00:52 INFO  : Processing command line option -hwspec /home/zummo/snoplus/TUBii/workspace_tubii/system_wrapper.hdf.
17:00:56 INFO  : Checking for hwspec changes in the project system_wrapper_hw_platform_0.
17:02:37 INFO  : Registering command handlers for SDK TCF services
17:02:38 INFO  : Launching XSCT server: xsct -n -interactive /home/zummo/snoplus/TUBii/workspace_tubii/temp_xsdb_launch_script.tcl
17:02:41 INFO  : XSCT server has started successfully.
17:02:41 INFO  : Successfully done setting XSCT server connection channel  
17:02:42 INFO  : Successfully done setting SDK workspace  
17:02:42 INFO  : Processing command line option -hwspec /home/zummo/snoplus/TUBii/workspace_tubii/system_wrapper.hdf.
17:58:41 INFO  : Registering command handlers for SDK TCF services
17:58:42 INFO  : Launching XSCT server: xsct -n -interactive /home/zummo/snoplus/TUBii/workspace_tubii/temp_xsdb_launch_script.tcl
17:58:44 INFO  : XSCT server has started successfully.
17:58:44 INFO  : Successfully done setting XSCT server connection channel  
17:58:45 INFO  : Successfully done setting SDK workspace  
17:58:45 INFO  : Processing command line option -hwspec /home/zummo/snoplus/TUBii/workspace_tubii/system_wrapper.hdf.
11:34:21 INFO  : Registering command handlers for SDK TCF services
11:34:23 INFO  : Launching XSCT server: xsct -n -interactive /home/zummo/snoplus/TUBii/workspace_tubii/temp_xsdb_launch_script.tcl
11:34:28 INFO  : XSCT server has started successfully.
11:34:40 INFO  : Successfully done setting XSCT server connection channel  
11:34:40 INFO  : Successfully done setting SDK workspace  
11:34:40 INFO  : Processing command line option -hwspec /home/zummo/snoplus/TUBii/workspace_tubii/system_wrapper.hdf.
11:34:40 INFO  : Checking for hwspec changes in the project system_wrapper_hw_platform_0.
11:34:48 INFO  : SDK has detected change in the last modified timestamps for source hardware specification file Source:1557846735000,  Project:1551912709000
11:34:48 INFO  : The hardware specification for project 'system_wrapper_hw_platform_0' is different from /home/zummo/snoplus/TUBii/workspace_tubii/system_wrapper.hdf.
11:34:49 INFO  : Copied contents of /home/zummo/snoplus/TUBii/workspace_tubii/system_wrapper.hdf into /system_wrapper_hw_platform_0/system.hdf.
11:35:12 INFO  : Synchronizing projects in the workspace with the hardware platform specification changes.
11:35:18 INFO  : 
11:35:19 INFO  : Updating hardware inferred compiler options for FSBL_tubii.
11:35:19 INFO  : Clearing existing target manager status.
11:35:19 INFO  : Workspace synchronized with the new hardware specification file. Cleaning dependent projects...
11:35:20 WARN  : Linker script will not be updated automatically. Users need to update it manually.
13:27:39 INFO  : Registering command handlers for SDK TCF services
13:27:41 INFO  : Launching XSCT server: xsct -n -interactive /home/zummo/snoplus/TUBii/workspace_tubii/temp_xsdb_launch_script.tcl
13:27:46 INFO  : XSCT server has started successfully.
13:27:46 INFO  : Successfully done setting XSCT server connection channel  
13:28:04 INFO  : Successfully done setting SDK workspace  
18:29:13 INFO  : Registering command handlers for SDK TCF services
18:29:20 INFO  : Launching XSCT server: xsct -n -interactive /home/zummo/snoplus/TUBii/workspace_tubii/temp_xsdb_launch_script.tcl
18:29:30 INFO  : XSCT server has started successfully.
18:29:54 INFO  : Successfully done setting XSCT server connection channel  
18:29:54 INFO  : Processing command line option -hwspec /home/zummo/snoplus/TUBii/workspace_tubii/system_wrapper.hdf.
18:29:54 INFO  : Checking for hwspec changes in the project system_wrapper_hw_platform_0.
18:30:05 INFO  : Successfully done setting SDK workspace  
18:32:21 INFO  : Registering command handlers for SDK TCF services
18:32:22 INFO  : Launching XSCT server: xsct -n -interactive /home/zummo/snoplus/TUBii/workspace_tubii/temp_xsdb_launch_script.tcl
18:32:28 INFO  : XSCT server has started successfully.
18:32:28 INFO  : Successfully done setting XSCT server connection channel  
18:32:37 INFO  : Successfully done setting SDK workspace  
18:32:37 INFO  : Processing command line option -hwspec /home/zummo/snoplus/TUBii/workspace_tubii/system_wrapper.hdf.
10:08:31 INFO  : Registering command handlers for SDK TCF services
10:08:33 INFO  : Launching XSCT server: xsct -n -interactive /home/zummo/snoplus/TUBii/workspace_tubii/temp_xsdb_launch_script.tcl
10:08:40 INFO  : XSCT server has started successfully.
10:09:01 INFO  : Successfully done setting XSCT server connection channel  
10:09:01 INFO  : Successfully done setting SDK workspace  
10:09:01 INFO  : Processing command line option -hwspec /home/zummo/snoplus/TUBii/workspace_tubii/system_wrapper.hdf.
10:09:01 INFO  : Checking for hwspec changes in the project system_wrapper_hw_platform_0.
10:09:09 INFO  : SDK has detected change in the last modified timestamps for source hardware specification file Source:1558964143000,  Project:1558649365000
10:09:09 INFO  : The hardware specification for project 'system_wrapper_hw_platform_0' is different from /home/zummo/snoplus/TUBii/workspace_tubii/system_wrapper.hdf.
10:09:09 INFO  : Copied contents of /home/zummo/snoplus/TUBii/workspace_tubii/system_wrapper.hdf into /system_wrapper_hw_platform_0/system.hdf.
10:09:31 INFO  : Synchronizing projects in the workspace with the hardware platform specification changes.
10:09:38 INFO  : 
10:09:38 INFO  : Updating hardware inferred compiler options for FSBL_tubii.
10:09:38 INFO  : Clearing existing target manager status.
10:09:38 INFO  : Workspace synchronized with the new hardware specification file. Cleaning dependent projects...
10:09:40 WARN  : Linker script will not be updated automatically. Users need to update it manually.
11:27:22 INFO  : Registering command handlers for SDK TCF services
11:27:23 INFO  : Launching XSCT server: xsct -n -interactive /home/zummo/snoplus/TUBii/workspace_tubii/temp_xsdb_launch_script.tcl
11:27:27 INFO  : XSCT server has started successfully.
11:27:31 INFO  : Successfully done setting XSCT server connection channel  
11:27:31 INFO  : Successfully done setting SDK workspace  
11:27:31 INFO  : Processing command line option -hwspec /home/zummo/snoplus/TUBii/workspace_tubii/system_wrapper.hdf.
12:38:13 INFO  : Registering command handlers for SDK TCF services
12:38:14 INFO  : Launching XSCT server: xsct -n -interactive /home/zummo/snoplus/TUBii/workspace_tubii/temp_xsdb_launch_script.tcl
12:38:18 INFO  : XSCT server has started successfully.
12:38:22 INFO  : Successfully done setting XSCT server connection channel  
12:38:22 INFO  : Successfully done setting SDK workspace  
12:38:22 INFO  : Processing command line option -hwspec /home/zummo/snoplus/TUBii/workspace_tubii/system_wrapper.hdf.
13:31:59 INFO  : SDK has detected change in the last modified timestamps for source hardware specification file Source:1558978262000,  Project:1558973184000
13:31:59 INFO  : Project system_wrapper_hw_platform_0's source hardware specification located at /home/zummo/snoplus/TUBii/workspace_tubii/system_wrapper.hdf is now different from the local copy.
		 The local copy will be replaced with the source specification and your workspace will be updated.
13:32:09 INFO  : Project system_wrapper_hw_platform_0's source hardware specification location will not be monitored anymore.
13:33:31 INFO  : Registering command handlers for SDK TCF services
13:33:33 INFO  : Launching XSCT server: xsct -n -interactive /home/zummo/snoplus/TUBii/workspace_tubii/temp_xsdb_launch_script.tcl
13:33:38 INFO  : XSCT server has started successfully.
13:33:38 INFO  : Successfully done setting XSCT server connection channel  
13:33:44 INFO  : Successfully done setting SDK workspace  
13:33:45 INFO  : Processing command line option -hwspec /home/zummo/snoplus/TUBii/workspace_tubii/system_wrapper.hdf.
14:12:05 INFO  : Registering command handlers for SDK TCF services
14:12:08 INFO  : Launching XSCT server: xsct -n -interactive /home/zummo/snoplus/TUBii/workspace_tubii/temp_xsdb_launch_script.tcl
14:12:15 INFO  : XSCT server has started successfully.
14:12:31 INFO  : Successfully done setting XSCT server connection channel  
14:12:31 INFO  : Successfully done setting SDK workspace  
14:12:31 INFO  : Processing command line option -hwspec /home/zummo/snoplus/TUBii/workspace_tubii/system_wrapper.hdf.
16:20:57 INFO  : Registering command handlers for SDK TCF services
16:20:59 INFO  : Launching XSCT server: xsct -n -interactive /home/zummo/snoplus/TUBii/workspace_tubii/temp_xsdb_launch_script.tcl
16:21:03 INFO  : XSCT server has started successfully.
16:21:03 INFO  : Successfully done setting XSCT server connection channel  
16:21:21 INFO  : Successfully done setting SDK workspace  
16:21:21 INFO  : Processing command line option -hwspec /home/zummo/snoplus/TUBii/workspace_tubii/system_wrapper.hdf.
17:01:54 INFO  : Registering command handlers for SDK TCF services
17:01:56 INFO  : Launching XSCT server: xsct -n -interactive /home/zummo/snoplus/TUBii/workspace_tubii/temp_xsdb_launch_script.tcl
17:02:02 INFO  : XSCT server has started successfully.
17:02:02 INFO  : Successfully done setting XSCT server connection channel  
17:02:07 INFO  : Successfully done setting SDK workspace  
17:02:07 INFO  : Processing command line option -hwspec /home/zummo/snoplus/TUBii/workspace_tubii/system_wrapper.hdf.
15:28:13 INFO  : Registering command handlers for SDK TCF services
15:28:14 ERROR : Unsatisfied link error while loading librdi_repo_manager.so: java.lang.UnsatisfiedLinkError: no rdi_repo_manager in java.library.path
15:28:14 INFO  : Launching XSCT server: xsct -n -interactive /home/zummo/snoplus/TUBii/workspace_tubii/temp_xsdb_launch_script.tcl
17:46:12 INFO  : Registering command handlers for SDK TCF services
17:46:14 INFO  : Launching XSCT server: xsct -n -interactive /home/zummo/snoplus/TUBii/workspace_tubii/temp_xsdb_launch_script.tcl
17:46:21 INFO  : XSCT server has started successfully.
17:46:21 INFO  : Successfully done setting XSCT server connection channel  
17:46:49 INFO  : Successfully done setting SDK workspace  
17:46:49 INFO  : Processing command line option -hwspec /home/zummo/snoplus/TUBii/workspace_tubii/system_wrapper.hdf.
17:46:49 INFO  : Checking for hwspec changes in the project system_wrapper_hw_platform_0.
17:48:50 INFO  : Registering command handlers for SDK TCF services
17:48:51 INFO  : Launching XSCT server: xsct -n -interactive /home/zummo/snoplus/TUBii/workspace_tubii/temp_xsdb_launch_script.tcl
17:48:53 INFO  : XSCT server has started successfully.
17:48:53 INFO  : Successfully done setting XSCT server connection channel  
17:48:53 INFO  : Successfully done setting SDK workspace  
17:48:53 INFO  : Processing command line option -hwspec /home/zummo/snoplus/TUBii/workspace_tubii/system_wrapper.hdf.
10:07:57 INFO  : Registering command handlers for SDK TCF services
10:07:59 INFO  : Launching XSCT server: xsct -n -interactive /home/zummo/snoplus/TUBii/workspace_tubii/temp_xsdb_launch_script.tcl
10:08:04 INFO  : XSCT server has started successfully.
10:08:16 INFO  : Successfully done setting XSCT server connection channel  
10:08:16 INFO  : Successfully done setting SDK workspace  
10:08:16 INFO  : Processing command line option -hwspec /home/zummo/snoplus/TUBii/workspace_tubii/system_wrapper.hdf.
12:36:43 INFO  : Registering command handlers for SDK TCF services
12:36:45 INFO  : Launching XSCT server: xsct -n -interactive /home/zummo/snoplus/TUBii/workspace_tubii/temp_xsdb_launch_script.tcl
12:36:48 INFO  : XSCT server has started successfully.
12:36:48 INFO  : Successfully done setting XSCT server connection channel  
12:36:48 INFO  : Successfully done setting SDK workspace  
12:36:53 INFO  : SDK has detected change in the last modified timestamps for source hardware specification file Source:1559234177000,  Project:1559187978000
12:36:53 INFO  : Project system_wrapper_hw_platform_0's source hardware specification located at /home/zummo/snoplus/TUBii/workspace_tubii/system_wrapper.hdf is now different from the local copy.
		 The local copy will be replaced with the source specification and your workspace will be updated.
12:37:23 INFO  : Project system_wrapper_hw_platform_0's source hardware specification location will not be monitored anymore.
13:17:56 INFO  : Registering command handlers for SDK TCF services
13:17:59 INFO  : Launching XSCT server: xsct -n -interactive /home/zummo/snoplus/TUBii/workspace_tubii/temp_xsdb_launch_script.tcl
13:18:06 INFO  : XSCT server has started successfully.
13:18:23 INFO  : Successfully done setting XSCT server connection channel  
13:18:23 INFO  : Successfully done setting SDK workspace  
13:18:23 INFO  : Processing command line option -hwspec /home/zummo/snoplus/TUBii/workspace_tubii/system_wrapper.hdf.
13:21:19 INFO  : Registering command handlers for SDK TCF services
13:21:20 INFO  : Launching XSCT server: xsct -n -interactive /home/zummo/snoplus/TUBii/workspace_tubii/temp_xsdb_launch_script.tcl
13:21:23 INFO  : XSCT server has started successfully.
13:21:23 INFO  : Successfully done setting XSCT server connection channel  
13:21:23 INFO  : Successfully done setting SDK workspace  
13:21:23 INFO  : Processing command line option -hwspec /home/zummo/snoplus/TUBii/workspace_tubii/system_wrapper.hdf.
