#-----------------------------------------------------------
# Webtalk v2018.2 (64-bit)
# SW Build 2258646 on Thu Jun 14 20:02:38 MDT 2018
# 
# Start of session at: Wed Jan 30 12:09:49 2019
# Process ID: 17398
# Current directory: /home/zummo/snoplus/TUBii/workspace_tubii_2/webtalk
# Command line: wbtcv -mode batch -source sdk_webtalk.tcl
# Log file: /home/zummo/snoplus/TUBii/workspace_tubii_2/webtalk/webtalk.log
# Journal file: /home/zummo/snoplus/TUBii/workspace_tubii_2/webtalk/webtalk.jou
#-----------------------------------------------------------
source sdk_webtalk.tcl
# webtalk_init -webtalk_dir /home/zummo/snoplus/TUBii/workspace_tubii_2/webtalk
# webtalk_register_client -client project
# webtalk_add_data -client project -key date_generated -value "2019-01-30 12:09:47" -context "software_version_and_target_device"
# webtalk_add_data -client project -key product_version -value "SDK v2018.2" -context "software_version_and_target_device"
# webtalk_add_data -client project -key build_version -value "2018.2" -context "software_version_and_target_device"
# webtalk_add_data -client project -key os_platform -value "amd64" -context "software_version_and_target_device"
# webtalk_add_data -client project -key registration_id -value "176227461_174110084_210667175_940" -context "software_version_and_target_device"
# webtalk_add_data -client project -key tool_flow -value "SDK" -context "software_version_and_target_device"
# webtalk_add_data -client project -key beta -value "false" -context "software_version_and_target_device"
# webtalk_add_data -client project -key route_design -value "NA" -context "software_version_and_target_device"
# webtalk_add_data -client project -key target_family -value "NA" -context "software_version_and_target_device"
# webtalk_add_data -client project -key target_device -value "NA" -context "software_version_and_target_device"
# webtalk_add_data -client project -key target_package -value "NA" -context "software_version_and_target_device"
# webtalk_add_data -client project -key target_speed -value "NA" -context "software_version_and_target_device"
# webtalk_add_data -client project -key random_id -value "1m2087di9l8iulftqa7h2lhh68" -context "software_version_and_target_device"
# webtalk_add_data -client project -key project_id -value "2018.2_3" -context "software_version_and_target_device"
# webtalk_add_data -client project -key project_iteration -value "3" -context "software_version_and_target_device"
# webtalk_add_data -client project -key os_name -value "Ubuntu" -context "user_environment"
# webtalk_add_data -client project -key os_release -value "Ubuntu 16.04.5 LTS" -context "user_environment"
# webtalk_add_data -client project -key cpu_name -value "Intel(R) Core(TM) i5-6200U CPU @ 2.30GHz" -context "user_environment"
# webtalk_add_data -client project -key cpu_speed -value "652.816 MHz" -context "user_environment"
# webtalk_add_data -client project -key total_processors -value "1" -context "user_environment"
# webtalk_add_data -client project -key system_ram -value "8.279 GB" -context "user_environment"
# webtalk_register_client -client sdk
# webtalk_add_data -client sdk -key uid -value "1548867163000" -context "sdk\\\\application/1548867163000"
# webtalk_add_data -client sdk -key os -value "linux" -context "sdk\\\\application/1548867163000"
# webtalk_add_data -client sdk -key apptemplate -value "linux_empty_app" -context "sdk\\\\application/1548867163000"
# webtalk_add_data -client sdk -key RecordType -value "APPCreation" -context "sdk\\\\application/1548867163000"
# webtalk_add_data -client sdk -key LangUsed -value "C" -context "sdk\\\\application/1548867163000"
# webtalk_add_data -client sdk -key Procused -value "" -context "sdk\\\\application/1548867163000"
# webtalk_add_data -client sdk -key uid -value "NA" -context "sdk\\\\bsp/1548868186947"
# webtalk_add_data -client sdk -key RecordType -value "ToolUsage" -context "sdk\\\\bsp/1548868186947"
# webtalk_add_data -client sdk -key BootgenCount -value "0" -context "sdk\\\\bsp/1548868186947"
# webtalk_add_data -client sdk -key DebugCount -value "0" -context "sdk\\\\bsp/1548868186947"
# webtalk_add_data -client sdk -key PerfCount -value "0" -context "sdk\\\\bsp/1548868186947"
# webtalk_add_data -client sdk -key FlashCount -value "0" -context "sdk\\\\bsp/1548868186947"
# webtalk_add_data -client sdk -key CrossTriggCount -value "0" -context "sdk\\\\bsp/1548868186947"
# webtalk_add_data -client sdk -key QemuDebugCount -value "0" -context "sdk\\\\bsp/1548868186947"
# webtalk_transmit -clientid 340599527 -regid "176227461_174110084_210667175_940" -xml /home/zummo/snoplus/TUBii/workspace_tubii_2/webtalk/usage_statistics_ext_sdk.xml -html /home/zummo/snoplus/TUBii/workspace_tubii_2/webtalk/usage_statistics_ext_sdk.html -wdm /home/zummo/snoplus/TUBii/workspace_tubii_2/webtalk/sdk_webtalk.wdm -intro "<H3>SDK Usage Report</H3><BR>"
# webtalk_terminate
INFO: [Common 17-206] Exiting Webtalk at Wed Jan 30 12:09:49 2019...
