#-----------------------------------------------------------
# Webtalk v2018.2 (64-bit)
# SW Build 2258646 on Thu Jun 14 20:02:38 MDT 2018
# 
# Start of session at: Tue Aug 20 12:21:13 2019
# Process ID: 25105
# Current directory: /home/zummo/snoplus/TUBii/workspace_tubii/webtalk
# Command line: wbtcv -mode batch -source sdk_webtalk.tcl
# Log file: /home/zummo/snoplus/TUBii/workspace_tubii/webtalk/webtalk.log
# Journal file: /home/zummo/snoplus/TUBii/workspace_tubii/webtalk/webtalk.jou
#-----------------------------------------------------------
source sdk_webtalk.tcl
# webtalk_init -webtalk_dir /home/zummo/snoplus/TUBii/workspace_tubii/webtalk
# webtalk_register_client -client project
# webtalk_add_data -client project -key date_generated -value "2019-08-20 12:21:11" -context "software_version_and_target_device"
# webtalk_add_data -client project -key product_version -value "SDK v2018.2" -context "software_version_and_target_device"
# webtalk_add_data -client project -key build_version -value "2018.2" -context "software_version_and_target_device"
# webtalk_add_data -client project -key os_platform -value "amd64" -context "software_version_and_target_device"
# webtalk_add_data -client project -key registration_id -value "" -context "software_version_and_target_device"
# webtalk_add_data -client project -key tool_flow -value "SDK" -context "software_version_and_target_device"
# webtalk_add_data -client project -key beta -value "false" -context "software_version_and_target_device"
# webtalk_add_data -client project -key route_design -value "NA" -context "software_version_and_target_device"
# webtalk_add_data -client project -key target_family -value "NA" -context "software_version_and_target_device"
# webtalk_add_data -client project -key target_device -value "NA" -context "software_version_and_target_device"
# webtalk_add_data -client project -key target_package -value "NA" -context "software_version_and_target_device"
# webtalk_add_data -client project -key target_speed -value "NA" -context "software_version_and_target_device"
# webtalk_add_data -client project -key random_id -value "n48rorj81cgdi3e8v42qoop6uc" -context "software_version_and_target_device"
# webtalk_add_data -client project -key project_id -value "2018.2_35" -context "software_version_and_target_device"
# webtalk_add_data -client project -key project_iteration -value "35" -context "software_version_and_target_device"
# webtalk_add_data -client project -key os_name -value "Ubuntu" -context "user_environment"
# webtalk_add_data -client project -key os_release -value "Ubuntu 16.04.6 LTS" -context "user_environment"
# webtalk_add_data -client project -key cpu_name -value "Intel(R) Core(TM) i5-6200U CPU @ 2.30GHz" -context "user_environment"
# webtalk_add_data -client project -key cpu_speed -value "825.683 MHz" -context "user_environment"
# webtalk_add_data -client project -key total_processors -value "1" -context "user_environment"
# webtalk_add_data -client project -key system_ram -value "8.279 GB" -context "user_environment"
# webtalk_register_client -client sdk
# webtalk_add_data -client sdk -key uid -value "1566316184000" -context "sdk\\\\hardware/1566316184000"
# webtalk_add_data -client sdk -key isZynq -value "true" -context "sdk\\\\hardware/1566316184000"
# webtalk_add_data -client sdk -key isZynqMP -value "false" -context "sdk\\\\hardware/1566316184000"
# webtalk_add_data -client sdk -key Processors -value "2" -context "sdk\\\\hardware/1566316184000"
# webtalk_add_data -client sdk -key VivadoVersion -value "2018.2" -context "sdk\\\\hardware/1566316184000"
# webtalk_add_data -client sdk -key Arch -value "zynq" -context "sdk\\\\hardware/1566316184000"
# webtalk_add_data -client sdk -key Device -value "7z020" -context "sdk\\\\hardware/1566316184000"
# webtalk_add_data -client sdk -key IsHandoff -value "true" -context "sdk\\\\hardware/1566316184000"
# webtalk_add_data -client sdk -key os -value "NA" -context "sdk\\\\hardware/1566316184000"
# webtalk_add_data -client sdk -key apptemplate -value "NA" -context "sdk\\\\hardware/1566316184000"
# webtalk_add_data -client sdk -key RecordType -value "HWCreation" -context "sdk\\\\hardware/1566316184000"
# webtalk_add_data -client sdk -key uid -value "NA" -context "sdk\\\\bsp/1566318071332"
# webtalk_add_data -client sdk -key RecordType -value "ToolUsage" -context "sdk\\\\bsp/1566318071332"
# webtalk_add_data -client sdk -key BootgenCount -value "0" -context "sdk\\\\bsp/1566318071332"
# webtalk_add_data -client sdk -key DebugCount -value "0" -context "sdk\\\\bsp/1566318071332"
# webtalk_add_data -client sdk -key PerfCount -value "0" -context "sdk\\\\bsp/1566318071332"
# webtalk_add_data -client sdk -key FlashCount -value "0" -context "sdk\\\\bsp/1566318071332"
# webtalk_add_data -client sdk -key CrossTriggCount -value "0" -context "sdk\\\\bsp/1566318071332"
# webtalk_add_data -client sdk -key QemuDebugCount -value "0" -context "sdk\\\\bsp/1566318071332"
# webtalk_transmit -clientid 3789380988 -regid "" -xml /home/zummo/snoplus/TUBii/workspace_tubii/webtalk/usage_statistics_ext_sdk.xml -html /home/zummo/snoplus/TUBii/workspace_tubii/webtalk/usage_statistics_ext_sdk.html -wdm /home/zummo/snoplus/TUBii/workspace_tubii/webtalk/sdk_webtalk.wdm -intro "<H3>SDK Usage Report</H3><BR>"
INFO: [Common 17-186] '/home/zummo/snoplus/TUBii/workspace_tubii/webtalk/usage_statistics_ext_sdk.xml' has been successfully sent to Xilinx on Tue Aug 20 12:21:17 2019. For additional details about this file, please refer to the WebTalk help file at /opt/Xilinx/SDK/2018.2/doc/webtalk_introduction.html.
# webtalk_terminate
INFO: [Common 17-206] Exiting Webtalk at Tue Aug 20 12:21:17 2019...
