17:07:39 **** Build of project standalone_bsp_0 ****
make -k all 
Running Make include in ps7_cortexa9_0/libsrc/dmaps_v2_3/src
make -C ps7_cortexa9_0/libsrc/dmaps_v2_3/src -s include  "SHELL=/bin/sh" "COMPILER=arm-none-eabi-gcc" "ARCHIVER=arm-none-eabi-ar" "COMPILER_FLAGS=  -O2 -c" "EXTRA_COMPILER_FLAGS=-mcpu=cortex-a9 -mfpu=vfpv3 -mfloat-abi=hard -nostartfiles -g -Wall -Wextra"
Running Make include in ps7_cortexa9_0/libsrc/ddrps_v1_0/src
make -C ps7_cortexa9_0/libsrc/ddrps_v1_0/src -s include  "SHELL=/bin/sh" "COMPILER=arm-none-eabi-gcc" "ARCHIVER=arm-none-eabi-ar" "COMPILER_FLAGS=  -O2 -c" "EXTRA_COMPILER_FLAGS=-mcpu=cortex-a9 -mfpu=vfpv3 -mfloat-abi=hard -nostartfiles -g -Wall -Wextra"
Running Make include in ps7_cortexa9_0/libsrc/testpulser_v1_00_a/src
make -C ps7_cortexa9_0/libsrc/testpulser_v1_00_a/src -s include  "SHELL=/bin/sh" "COMPILER=arm-none-eabi-gcc" "ARCHIVER=arm-none-eabi-ar" "COMPILER_FLAGS=  -O2 -c" "EXTRA_COMPILER_FLAGS=-mcpu=cortex-a9 -mfpu=vfpv3 -mfloat-abi=hard -nostartfiles -g -Wall -Wextra"
Running Make include in ps7_cortexa9_0/libsrc/qspips_v3_4/src
make -C ps7_cortexa9_0/libsrc/qspips_v3_4/src -s include  "SHELL=/bin/sh" "COMPILER=arm-none-eabi-gcc" "ARCHIVER=arm-none-eabi-ar" "COMPILER_FLAGS=  -O2 -c" "EXTRA_COMPILER_FLAGS=-mcpu=cortex-a9 -mfpu=vfpv3 -mfloat-abi=hard -nostartfiles -g -Wall -Wextra"
Running Make include in ps7_cortexa9_0/libsrc/standalone_v6_7/src
make -C ps7_cortexa9_0/libsrc/standalone_v6_7/src -s include  "SHELL=/bin/sh" "COMPILER=arm-none-eabi-gcc" "ARCHIVER=arm-none-eabi-ar" "COMPILER_FLAGS=  -O2 -c" "EXTRA_COMPILER_FLAGS=-mcpu=cortex-a9 -mfpu=vfpv3 -mfloat-abi=hard -nostartfiles -g -Wall -Wextra"
Running Make include in ps7_cortexa9_0/libsrc/prescaletrigger_v1_00_a/src
make -C ps7_cortexa9_0/libsrc/prescaletrigger_v1_00_a/src -s include  "SHELL=/bin/sh" "COMPILER=arm-none-eabi-gcc" "ARCHIVER=arm-none-eabi-ar" "COMPILER_FLAGS=  -O2 -c" "EXTRA_COMPILER_FLAGS=-mcpu=cortex-a9 -mfpu=vfpv3 -mfloat-abi=hard -nostartfiles -g -Wall -Wextra"
Running Make include in ps7_cortexa9_0/libsrc/gpiops_v3_3/src
make -C ps7_cortexa9_0/libsrc/gpiops_v3_3/src -s include  "SHELL=/bin/sh" "COMPILER=arm-none-eabi-gcc" "ARCHIVER=arm-none-eabi-ar" "COMPILER_FLAGS=  -O2 -c" "EXTRA_COMPILER_FLAGS=-mcpu=cortex-a9 -mfpu=vfpv3 -mfloat-abi=hard -nostartfiles -g -Wall -Wextra"
Running Make include in ps7_cortexa9_0/libsrc/countdisplay_v1_00_a/src
make -C ps7_cortexa9_0/libsrc/countdisplay_v1_00_a/src -s include  "SHELL=/bin/sh" "COMPILER=arm-none-eabi-gcc" "ARCHIVER=arm-none-eabi-ar" "COMPILER_FLAGS=  -O2 -c" "EXTRA_COMPILER_FLAGS=-mcpu=cortex-a9 -mfpu=vfpv3 -mfloat-abi=hard -nostartfiles -g -Wall -Wextra"
Running Make include in ps7_cortexa9_0/libsrc/emacps_v3_7/src
make -C ps7_cortexa9_0/libsrc/emacps_v3_7/src -s include  "SHELL=/bin/sh" "COMPILER=arm-none-eabi-gcc" "ARCHIVER=arm-none-eabi-ar" "COMPILER_FLAGS=  -O2 -c" "EXTRA_COMPILER_FLAGS=-mcpu=cortex-a9 -mfpu=vfpv3 -mfloat-abi=hard -nostartfiles -g -Wall -Wextra"
Running Make include in ps7_cortexa9_0/libsrc/scugic_v3_9/src
make -C ps7_cortexa9_0/libsrc/scugic_v3_9/src -s include  "SHELL=/bin/sh" "COMPILER=arm-none-eabi-gcc" "ARCHIVER=arm-none-eabi-ar" "COMPILER_FLAGS=  -O2 -c" "EXTRA_COMPILER_FLAGS=-mcpu=cortex-a9 -mfpu=vfpv3 -mfloat-abi=hard -nostartfiles -g -Wall -Wextra"
Running Make include in ps7_cortexa9_0/libsrc/uartps_v3_6/src
make -C ps7_cortexa9_0/libsrc/uartps_v3_6/src -s include  "SHELL=/bin/sh" "COMPILER=arm-none-eabi-gcc" "ARCHIVER=arm-none-eabi-ar" "COMPILER_FLAGS=  -O2 -c" "EXTRA_COMPILER_FLAGS=-mcpu=cortex-a9 -mfpu=vfpv3 -mfloat-abi=hard -nostartfiles -g -Wall -Wextra"
Running Make include in ps7_cortexa9_0/libsrc/prescalesignal_v1_00_a/src
make -C ps7_cortexa9_0/libsrc/prescalesignal_v1_00_a/src -s include  "SHELL=/bin/sh" "COMPILER=arm-none-eabi-gcc" "ARCHIVER=arm-none-eabi-ar" "COMPILER_FLAGS=  -O2 -c" "EXTRA_COMPILER_FLAGS=-mcpu=cortex-a9 -mfpu=vfpv3 -mfloat-abi=hard -nostartfiles -g -Wall -Wextra"
Running Make include in ps7_cortexa9_0/libsrc/fifo_readout_v1_00_a/src
make -C ps7_cortexa9_0/libsrc/fifo_readout_v1_00_a/src -s include  "SHELL=/bin/sh" "COMPILER=arm-none-eabi-gcc" "ARCHIVER=arm-none-eabi-ar" "COMPILER_FLAGS=  -O2 -c" "EXTRA_COMPILER_FLAGS=-mcpu=cortex-a9 -mfpu=vfpv3 -mfloat-abi=hard -nostartfiles -g -Wall -Wextra"
Running Make include in ps7_cortexa9_0/libsrc/common_v1_00_a/src
make -C ps7_cortexa9_0/libsrc/common_v1_00_a/src -s include  "SHELL=/bin/sh" "COMPILER=arm-none-eabi-gcc" "ARCHIVER=arm-none-eabi-ar" "COMPILER_FLAGS=  -O2 -c" "EXTRA_COMPILER_FLAGS=-mcpu=cortex-a9 -mfpu=vfpv3 -mfloat-abi=hard -nostartfiles -g -Wall -Wextra"
Running Make include in ps7_cortexa9_0/libsrc/xilffs_v3_9/src
make -C ps7_cortexa9_0/libsrc/xilffs_v3_9/src -s include  "SHELL=/bin/sh" "COMPILER=arm-none-eabi-gcc" "ARCHIVER=arm-none-eabi-ar" "COMPILER_FLAGS=  -O2 -c" "EXTRA_COMPILER_FLAGS=-mcpu=cortex-a9 -mfpu=vfpv3 -mfloat-abi=hard -nostartfiles -g -Wall -Wextra"
Running Make include in ps7_cortexa9_0/libsrc/oneshot_pulse_v1_00_a/src
make -C ps7_cortexa9_0/libsrc/oneshot_pulse_v1_00_a/src -s include  "SHELL=/bin/sh" "COMPILER=arm-none-eabi-gcc" "ARCHIVER=arm-none-eabi-ar" "COMPILER_FLAGS=  -O2 -c" "EXTRA_COMPILER_FLAGS=-mcpu=cortex-a9 -mfpu=vfpv3 -mfloat-abi=hard -nostartfiles -g -Wall -Wextra"
Running Make include in ps7_cortexa9_0/libsrc/testdelay_v1_00_a/src
make -C ps7_cortexa9_0/libsrc/testdelay_v1_00_a/src -s include  "SHELL=/bin/sh" "COMPILER=arm-none-eabi-gcc" "ARCHIVER=arm-none-eabi-ar" "COMPILER_FLAGS=  -O2 -c" "EXTRA_COMPILER_FLAGS=-mcpu=cortex-a9 -mfpu=vfpv3 -mfloat-abi=hard -nostartfiles -g -Wall -Wextra"
Running Make include in ps7_cortexa9_0/libsrc/xadcps_v2_2/src
make -C ps7_cortexa9_0/libsrc/xadcps_v2_2/src -s include  "SHELL=/bin/sh" "COMPILER=arm-none-eabi-gcc" "ARCHIVER=arm-none-eabi-ar" "COMPILER_FLAGS=  -O2 -c" "EXTRA_COMPILER_FLAGS=-mcpu=cortex-a9 -mfpu=vfpv3 -mfloat-abi=hard -nostartfiles -g -Wall -Wextra"
Running Make include in ps7_cortexa9_0/libsrc/implement_gtid_v1_00_a/src
make -C ps7_cortexa9_0/libsrc/implement_gtid_v1_00_a/src -s include  "SHELL=/bin/sh" "COMPILER=arm-none-eabi-gcc" "ARCHIVER=arm-none-eabi-ar" "COMPILER_FLAGS=  -O2 -c" "EXTRA_COMPILER_FLAGS=-mcpu=cortex-a9 -mfpu=vfpv3 -mfloat-abi=hard -nostartfiles -g -Wall -Wextra"
Running Make include in ps7_cortexa9_0/libsrc/trigwordfifo_v1_00_a/src
make -C ps7_cortexa9_0/libsrc/trigwordfifo_v1_00_a/src -s include  "SHELL=/bin/sh" "COMPILER=arm-none-eabi-gcc" "ARCHIVER=arm-none-eabi-ar" "COMPILER_FLAGS=  -O2 -c" "EXTRA_COMPILER_FLAGS=-mcpu=cortex-a9 -mfpu=vfpv3 -mfloat-abi=hard -nostartfiles -g -Wall -Wextra"
Running Make include in ps7_cortexa9_0/libsrc/combotrigger_v1_00_a/src
make -C ps7_cortexa9_0/libsrc/combotrigger_v1_00_a/src -s include  "SHELL=/bin/sh" "COMPILER=arm-none-eabi-gcc" "ARCHIVER=arm-none-eabi-ar" "COMPILER_FLAGS=  -O2 -c" "EXTRA_COMPILER_FLAGS=-mcpu=cortex-a9 -mfpu=vfpv3 -mfloat-abi=hard -nostartfiles -g -Wall -Wextra"
Running Make include in ps7_cortexa9_0/libsrc/triggers_v1_00_a/src
make -C ps7_cortexa9_0/libsrc/triggers_v1_00_a/src -s include  "SHELL=/bin/sh" "COMPILER=arm-none-eabi-gcc" "ARCHIVER=arm-none-eabi-ar" "COMPILER_FLAGS=  -O2 -c" "EXTRA_COMPILER_FLAGS=-mcpu=cortex-a9 -mfpu=vfpv3 -mfloat-abi=hard -nostartfiles -g -Wall -Wextra"
Running Make include in ps7_cortexa9_0/libsrc/devcfg_v3_5/src
make -C ps7_cortexa9_0/libsrc/devcfg_v3_5/src -s include  "SHELL=/bin/sh" "COMPILER=arm-none-eabi-gcc" "ARCHIVER=arm-none-eabi-ar" "COMPILER_FLAGS=  -O2 -c" "EXTRA_COMPILER_FLAGS=-mcpu=cortex-a9 -mfpu=vfpv3 -mfloat-abi=hard -nostartfiles -g -Wall -Wextra"
Running Make include in ps7_cortexa9_0/libsrc/bursttrigger_v1_00_a/src
make -C ps7_cortexa9_0/libsrc/bursttrigger_v1_00_a/src -s include  "SHELL=/bin/sh" "COMPILER=arm-none-eabi-gcc" "ARCHIVER=arm-none-eabi-ar" "COMPILER_FLAGS=  -O2 -c" "EXTRA_COMPILER_FLAGS=-mcpu=cortex-a9 -mfpu=vfpv3 -mfloat-abi=hard -nostartfiles -g -Wall -Wextra"
Running Make include in ps7_cortexa9_0/libsrc/scuwdt_v2_1/src
make -C ps7_cortexa9_0/libsrc/scuwdt_v2_1/src -s include  "SHELL=/bin/sh" "COMPILER=arm-none-eabi-gcc" "ARCHIVER=arm-none-eabi-ar" "COMPILER_FLAGS=  -O2 -c" "EXTRA_COMPILER_FLAGS=-mcpu=cortex-a9 -mfpu=vfpv3 -mfloat-abi=hard -nostartfiles -g -Wall -Wextra"
Running Make include in ps7_cortexa9_0/libsrc/shiftregisters_v1_00_a/src
make -C ps7_cortexa9_0/libsrc/shiftregisters_v1_00_a/src -s include  "SHELL=/bin/sh" "COMPILER=arm-none-eabi-gcc" "ARCHIVER=arm-none-eabi-ar" "COMPILER_FLAGS=  -O2 -c" "EXTRA_COMPILER_FLAGS=-mcpu=cortex-a9 -mfpu=vfpv3 -mfloat-abi=hard -nostartfiles -g -Wall -Wextra"
Running Make include in ps7_cortexa9_0/libsrc/usbps_v2_4/src
make -C ps7_cortexa9_0/libsrc/usbps_v2_4/src -s include  "SHELL=/bin/sh" "COMPILER=arm-none-eabi-gcc" "ARCHIVER=arm-none-eabi-ar" "COMPILER_FLAGS=  -O2 -c" "EXTRA_COMPILER_FLAGS=-mcpu=cortex-a9 -mfpu=vfpv3 -mfloat-abi=hard -nostartfiles -g -Wall -Wextra"
Running Make include in ps7_cortexa9_0/libsrc/ellie_control_v1_00_a/src
make -C ps7_cortexa9_0/libsrc/ellie_control_v1_00_a/src -s include  "SHELL=/bin/sh" "COMPILER=arm-none-eabi-gcc" "ARCHIVER=arm-none-eabi-ar" "COMPILER_FLAGS=  -O2 -c" "EXTRA_COMPILER_FLAGS=-mcpu=cortex-a9 -mfpu=vfpv3 -mfloat-abi=hard -nostartfiles -g -Wall -Wextra"
Running Make include in ps7_cortexa9_0/libsrc/clocklogic_v1_00_a/src
make -C ps7_cortexa9_0/libsrc/clocklogic_v1_00_a/src -s include  "SHELL=/bin/sh" "COMPILER=arm-none-eabi-gcc" "ARCHIVER=arm-none-eabi-ar" "COMPILER_FLAGS=  -O2 -c" "EXTRA_COMPILER_FLAGS=-mcpu=cortex-a9 -mfpu=vfpv3 -mfloat-abi=hard -nostartfiles -g -Wall -Wextra"
Running Make include in ps7_cortexa9_0/libsrc/sdps_v3_5/src
make -C ps7_cortexa9_0/libsrc/sdps_v3_5/src -s include  "SHELL=/bin/sh" "COMPILER=arm-none-eabi-gcc" "ARCHIVER=arm-none-eabi-ar" "COMPILER_FLAGS=  -O2 -c" "EXTRA_COMPILER_FLAGS=-mcpu=cortex-a9 -mfpu=vfpv3 -mfloat-abi=hard -nostartfiles -g -Wall -Wextra"
Running Make include in ps7_cortexa9_0/libsrc/cpu_cortexa9_v2_6/src
make -C ps7_cortexa9_0/libsrc/cpu_cortexa9_v2_6/src -s include  "SHELL=/bin/sh" "COMPILER=arm-none-eabi-gcc" "ARCHIVER=arm-none-eabi-ar" "COMPILER_FLAGS=  -O2 -c" "EXTRA_COMPILER_FLAGS=-mcpu=cortex-a9 -mfpu=vfpv3 -mfloat-abi=hard -nostartfiles -g -Wall -Wextra"
Running Make include in ps7_cortexa9_0/libsrc/coresightps_dcc_v1_4/src
make -C ps7_cortexa9_0/libsrc/coresightps_dcc_v1_4/src -s include  "SHELL=/bin/sh" "COMPILER=arm-none-eabi-gcc" "ARCHIVER=arm-none-eabi-ar" "COMPILER_FLAGS=  -O2 -c" "EXTRA_COMPILER_FLAGS=-mcpu=cortex-a9 -mfpu=vfpv3 -mfloat-abi=hard -nostartfiles -g -Wall -Wextra"
Running Make include in ps7_cortexa9_0/libsrc/scutimer_v2_1/src
make -C ps7_cortexa9_0/libsrc/scutimer_v2_1/src -s include  "SHELL=/bin/sh" "COMPILER=arm-none-eabi-gcc" "ARCHIVER=arm-none-eabi-ar" "COMPILER_FLAGS=  -O2 -c" "EXTRA_COMPILER_FLAGS=-mcpu=cortex-a9 -mfpu=vfpv3 -mfloat-abi=hard -nostartfiles -g -Wall -Wextra"
Running Make libs in ps7_cortexa9_0/libsrc/dmaps_v2_3/src
make -C ps7_cortexa9_0/libsrc/dmaps_v2_3/src -s libs  "SHELL=/bin/sh" "COMPILER=arm-none-eabi-gcc" "ARCHIVER=arm-none-eabi-ar" "COMPILER_FLAGS=  -O2 -c" "EXTRA_COMPILER_FLAGS=-mcpu=cortex-a9 -mfpu=vfpv3 -mfloat-abi=hard -nostartfiles -g -Wall -Wextra"
Compiling dmaps
arm-none-eabi-ar: creating ../../../lib/libxil.a
Running Make libs in ps7_cortexa9_0/libsrc/ddrps_v1_0/src
make -C ps7_cortexa9_0/libsrc/ddrps_v1_0/src -s libs  "SHELL=/bin/sh" "COMPILER=arm-none-eabi-gcc" "ARCHIVER=arm-none-eabi-ar" "COMPILER_FLAGS=  -O2 -c" "EXTRA_COMPILER_FLAGS=-mcpu=cortex-a9 -mfpu=vfpv3 -mfloat-abi=hard -nostartfiles -g -Wall -Wextra"
Compiling ddrps
Running Make libs in ps7_cortexa9_0/libsrc/testpulser_v1_00_a/src
make -C ps7_cortexa9_0/libsrc/testpulser_v1_00_a/src -s libs  "SHELL=/bin/sh" "COMPILER=arm-none-eabi-gcc" "ARCHIVER=arm-none-eabi-ar" "COMPILER_FLAGS=  -O2 -c" "EXTRA_COMPILER_FLAGS=-mcpu=cortex-a9 -mfpu=vfpv3 -mfloat-abi=hard -nostartfiles -g -Wall -Wextra"
Compiling testPulser...
testPulser_selftest.c: In function 'TESTPULSER_Reg_SelfTest':
testPulser_selftest.c:52:59: warning: comparison between signed and unsigned integer expressions [-Wsign-compare]
    if ( TESTPULSER_mReadReg (baseaddr, read_loop_index*4) != (read_loop_index+1)*READ_WRITE_MUL_FACTOR){
                                                           ^~
testPulser_selftest.c:36:6: warning: unused variable 'Index' [-Wunused-variable]
  int Index;
      ^~~~~
Running Make libs in ps7_cortexa9_0/libsrc/qspips_v3_4/src
make -C ps7_cortexa9_0/libsrc/qspips_v3_4/src -s libs  "SHELL=/bin/sh" "COMPILER=arm-none-eabi-gcc" "ARCHIVER=arm-none-eabi-ar" "COMPILER_FLAGS=  -O2 -c" "EXTRA_COMPILER_FLAGS=-mcpu=cortex-a9 -mfpu=vfpv3 -mfloat-abi=hard -nostartfiles -g -Wall -Wextra"
Compiling qspips
Running Make libs in ps7_cortexa9_0/libsrc/standalone_v6_7/src
make -C ps7_cortexa9_0/libsrc/standalone_v6_7/src -s libs  "SHELL=/bin/sh" "COMPILER=arm-none-eabi-gcc" "ARCHIVER=arm-none-eabi-ar" "COMPILER_FLAGS=  -O2 -c" "EXTRA_COMPILER_FLAGS=-mcpu=cortex-a9 -mfpu=vfpv3 -mfloat-abi=hard -nostartfiles -g -Wall -Wextra"
Compiling standalone
Running Make libs in ps7_cortexa9_0/libsrc/prescaletrigger_v1_00_a/src
make -C ps7_cortexa9_0/libsrc/prescaletrigger_v1_00_a/src -s libs  "SHELL=/bin/sh" "COMPILER=arm-none-eabi-gcc" "ARCHIVER=arm-none-eabi-ar" "COMPILER_FLAGS=  -O2 -c" "EXTRA_COMPILER_FLAGS=-mcpu=cortex-a9 -mfpu=vfpv3 -mfloat-abi=hard -nostartfiles -g -Wall -Wextra"
Compiling prescaleTrigger...
prescaleTrigger_selftest.c: In function 'PRESCALETRIGGER_Reg_SelfTest':
prescaleTrigger_selftest.c:52:64: warning: comparison between signed and unsigned integer expressions [-Wsign-compare]
    if ( PRESCALETRIGGER_mReadReg (baseaddr, read_loop_index*4) != (read_loop_index+1)*READ_WRITE_MUL_FACTOR){
                                                                ^~
prescaleTrigger_selftest.c:36:6: warning: unused variable 'Index' [-Wunused-variable]
  int Index;
      ^~~~~
Running Make libs in ps7_cortexa9_0/libsrc/gpiops_v3_3/src
make -C ps7_cortexa9_0/libsrc/gpiops_v3_3/src -s libs  "SHELL=/bin/sh" "COMPILER=arm-none-eabi-gcc" "ARCHIVER=arm-none-eabi-ar" "COMPILER_FLAGS=  -O2 -c" "EXTRA_COMPILER_FLAGS=-mcpu=cortex-a9 -mfpu=vfpv3 -mfloat-abi=hard -nostartfiles -g -Wall -Wextra"
Compiling gpiops
Running Make libs in ps7_cortexa9_0/libsrc/countdisplay_v1_00_a/src
make -C ps7_cortexa9_0/libsrc/countdisplay_v1_00_a/src -s libs  "SHELL=/bin/sh" "COMPILER=arm-none-eabi-gcc" "ARCHIVER=arm-none-eabi-ar" "COMPILER_FLAGS=  -O2 -c" "EXTRA_COMPILER_FLAGS=-mcpu=cortex-a9 -mfpu=vfpv3 -mfloat-abi=hard -nostartfiles -g -Wall -Wextra"
Compiling countDisplay...
countDisplay_selftest.c: In function 'COUNTDISPLAY_Reg_SelfTest':
countDisplay_selftest.c:52:61: warning: comparison between signed and unsigned integer expressions [-Wsign-compare]
    if ( COUNTDISPLAY_mReadReg (baseaddr, read_loop_index*4) != (read_loop_index+1)*READ_WRITE_MUL_FACTOR){
                                                             ^~
countDisplay_selftest.c:36:6: warning: unused variable 'Index' [-Wunused-variable]
  int Index;
      ^~~~~
Running Make libs in ps7_cortexa9_0/libsrc/emacps_v3_7/src
make -C ps7_cortexa9_0/libsrc/emacps_v3_7/src -s libs  "SHELL=/bin/sh" "COMPILER=arm-none-eabi-gcc" "ARCHIVER=arm-none-eabi-ar" "COMPILER_FLAGS=  -O2 -c" "EXTRA_COMPILER_FLAGS=-mcpu=cortex-a9 -mfpu=vfpv3 -mfloat-abi=hard -nostartfiles -g -Wall -Wextra"
Compiling emacps
Running Make libs in ps7_cortexa9_0/libsrc/scugic_v3_9/src
make -C ps7_cortexa9_0/libsrc/scugic_v3_9/src -s libs  "SHELL=/bin/sh" "COMPILER=arm-none-eabi-gcc" "ARCHIVER=arm-none-eabi-ar" "COMPILER_FLAGS=  -O2 -c" "EXTRA_COMPILER_FLAGS=-mcpu=cortex-a9 -mfpu=vfpv3 -mfloat-abi=hard -nostartfiles -g -Wall -Wextra"
Compiling scugic
Running Make libs in ps7_cortexa9_0/libsrc/uartps_v3_6/src
make -C ps7_cortexa9_0/libsrc/uartps_v3_6/src -s libs  "SHELL=/bin/sh" "COMPILER=arm-none-eabi-gcc" "ARCHIVER=arm-none-eabi-ar" "COMPILER_FLAGS=  -O2 -c" "EXTRA_COMPILER_FLAGS=-mcpu=cortex-a9 -mfpu=vfpv3 -mfloat-abi=hard -nostartfiles -g -Wall -Wextra"
Compiling uartps
Running Make libs in ps7_cortexa9_0/libsrc/prescalesignal_v1_00_a/src
make -C ps7_cortexa9_0/libsrc/prescalesignal_v1_00_a/src -s libs  "SHELL=/bin/sh" "COMPILER=arm-none-eabi-gcc" "ARCHIVER=arm-none-eabi-ar" "COMPILER_FLAGS=  -O2 -c" "EXTRA_COMPILER_FLAGS=-mcpu=cortex-a9 -mfpu=vfpv3 -mfloat-abi=hard -nostartfiles -g -Wall -Wextra"
Compiling prescaleSignal...
prescaleSignal_selftest.c: In function 'PRESCALESIGNAL_Reg_SelfTest':
prescaleSignal_selftest.c:52:63: warning: comparison between signed and unsigned integer expressions [-Wsign-compare]
    if ( PRESCALESIGNAL_mReadReg (baseaddr, read_loop_index*4) != (read_loop_index+1)*READ_WRITE_MUL_FACTOR){
                                                               ^~
prescaleSignal_selftest.c:36:6: warning: unused variable 'Index' [-Wunused-variable]
  int Index;
      ^~~~~
Running Make libs in ps7_cortexa9_0/libsrc/fifo_readout_v1_00_a/src
make -C ps7_cortexa9_0/libsrc/fifo_readout_v1_00_a/src -s libs  "SHELL=/bin/sh" "COMPILER=arm-none-eabi-gcc" "ARCHIVER=arm-none-eabi-ar" "COMPILER_FLAGS=  -O2 -c" "EXTRA_COMPILER_FLAGS=-mcpu=cortex-a9 -mfpu=vfpv3 -mfloat-abi=hard -nostartfiles -g -Wall -Wextra"
Compiling fifo_readout...
fifo_readout_selftest.c: In function 'FIFO_READOUT_Reg_SelfTest':
fifo_readout_selftest.c:52:61: warning: comparison between signed and unsigned integer expressions [-Wsign-compare]
    if ( FIFO_READOUT_mReadReg (baseaddr, read_loop_index*4) != (read_loop_index+1)*READ_WRITE_MUL_FACTOR){
                                                             ^~
fifo_readout_selftest.c:36:6: warning: unused variable 'Index' [-Wunused-variable]
  int Index;
      ^~~~~
Running Make libs in ps7_cortexa9_0/libsrc/common_v1_00_a/src
make -C ps7_cortexa9_0/libsrc/common_v1_00_a/src -s libs  "SHELL=/bin/sh" "COMPILER=arm-none-eabi-gcc" "ARCHIVER=arm-none-eabi-ar" "COMPILER_FLAGS=  -O2 -c" "EXTRA_COMPILER_FLAGS=-mcpu=cortex-a9 -mfpu=vfpv3 -mfloat-abi=hard -nostartfiles -g -Wall -Wextra"
Compiling common
xutil_memtest.c: In function 'XUtil_MemoryTest32':
xutil_memtest.c:161:7: warning: this statement may fall through [-Wimplicit-fallthrough=]
    if (Subtest != XUT_ALLMEMTESTS) {
       ^
xutil_memtest.c:170:2: note: here
  case XUT_WALKONES:
  ^~~~
xutil_memtest.c:222:7: warning: this statement may fall through [-Wimplicit-fallthrough=]
    if (Subtest != XUT_ALLMEMTESTS) {
       ^
xutil_memtest.c:231:2: note: here
  case XUT_WALKZEROS:
  ^~~~
xutil_memtest.c:286:7: warning: this statement may fall through [-Wimplicit-fallthrough=]
    if (Subtest != XUT_ALLMEMTESTS) {
       ^
xutil_memtest.c:294:2: note: here
  case XUT_INVERSEADDR:
  ^~~~
xutil_memtest.c:327:7: warning: this statement may fall through [-Wimplicit-fallthrough=]
    if (Subtest != XUT_ALLMEMTESTS) {
       ^
xutil_memtest.c:337:2: note: here
  case XUT_FIXEDPATTERN:
  ^~~~
xutil_memtest.c: In function 'XUtil_MemoryTest16':
xutil_memtest.c:496:7: warning: this statement may fall through [-Wimplicit-fallthrough=]
    if (Subtest != XUT_ALLMEMTESTS) {
       ^
xutil_memtest.c:504:2: note: here
  case XUT_WALKONES:
  ^~~~
xutil_memtest.c:559:7: warning: this statement may fall through [-Wimplicit-fallthrough=]
    if (Subtest != XUT_ALLMEMTESTS) {
       ^
xutil_memtest.c:568:2: note: here
  case XUT_WALKZEROS:
  ^~~~
xutil_memtest.c:625:7: warning: this statement may fall through [-Wimplicit-fallthrough=]
    if (Subtest != XUT_ALLMEMTESTS) {
       ^
xutil_memtest.c:633:2: note: here
  case XUT_INVERSEADDR:
  ^~~~
xutil_memtest.c:664:7: warning: this statement may fall through [-Wimplicit-fallthrough=]
    if (Subtest != XUT_ALLMEMTESTS) {
       ^
xutil_memtest.c:674:2: note: here
  case XUT_FIXEDPATTERN:
  ^~~~
xutil_memtest.c: In function 'XUtil_MemoryTest8':
xutil_memtest.c:836:7: warning: this statement may fall through [-Wimplicit-fallthrough=]
    if (Subtest != XUT_ALLMEMTESTS) {
       ^
xutil_memtest.c:845:2: note: here
  case XUT_WALKONES:
  ^~~~
xutil_memtest.c:897:7: warning: this statement may fall through [-Wimplicit-fallthrough=]
    if (Subtest != XUT_ALLMEMTESTS) {
       ^
xutil_memtest.c:906:2: note: here
  case XUT_WALKZEROS:
  ^~~~
xutil_memtest.c:962:7: warning: this statement may fall through [-Wimplicit-fallthrough=]
    if (Subtest != XUT_ALLMEMTESTS) {
       ^
xutil_memtest.c:970:2: note: here
  case XUT_INVERSEADDR:
  ^~~~
xutil_memtest.c:1002:7: warning: this statement may fall through [-Wimplicit-fallthrough=]
    if (Subtest != XUT_ALLMEMTESTS) {
       ^
xutil_memtest.c:1012:2: note: here
  case XUT_FIXEDPATTERN:
  ^~~~
Running Make libs in ps7_cortexa9_0/libsrc/xilffs_v3_9/src
make -C ps7_cortexa9_0/libsrc/xilffs_v3_9/src -s libs  "SHELL=/bin/sh" "COMPILER=arm-none-eabi-gcc" "ARCHIVER=arm-none-eabi-ar" "COMPILER_FLAGS=  -O2 -c" "EXTRA_COMPILER_FLAGS=-mcpu=cortex-a9 -mfpu=vfpv3 -mfloat-abi=hard -nostartfiles -g -Wall -Wextra"
Compiling XilFFs Library
Running Make libs in ps7_cortexa9_0/libsrc/oneshot_pulse_v1_00_a/src
make -C ps7_cortexa9_0/libsrc/oneshot_pulse_v1_00_a/src -s libs  "SHELL=/bin/sh" "COMPILER=arm-none-eabi-gcc" "ARCHIVER=arm-none-eabi-ar" "COMPILER_FLAGS=  -O2 -c" "EXTRA_COMPILER_FLAGS=-mcpu=cortex-a9 -mfpu=vfpv3 -mfloat-abi=hard -nostartfiles -g -Wall -Wextra"
Compiling oneshot_pulse...
oneshot_pulse_selftest.c: In function 'ONESHOT_PULSE_Reg_SelfTest':
oneshot_pulse_selftest.c:52:62: warning: comparison between signed and unsigned integer expressions [-Wsign-compare]
    if ( ONESHOT_PULSE_mReadReg (baseaddr, read_loop_index*4) != (read_loop_index+1)*READ_WRITE_MUL_FACTOR){
                                                              ^~
oneshot_pulse_selftest.c:36:6: warning: unused variable 'Index' [-Wunused-variable]
  int Index;
      ^~~~~
Running Make libs in ps7_cortexa9_0/libsrc/testdelay_v1_00_a/src
make -C ps7_cortexa9_0/libsrc/testdelay_v1_00_a/src -s libs  "SHELL=/bin/sh" "COMPILER=arm-none-eabi-gcc" "ARCHIVER=arm-none-eabi-ar" "COMPILER_FLAGS=  -O2 -c" "EXTRA_COMPILER_FLAGS=-mcpu=cortex-a9 -mfpu=vfpv3 -mfloat-abi=hard -nostartfiles -g -Wall -Wextra"
Compiling testDelay...
testDelay_selftest.c: In function 'TESTDELAY_Reg_SelfTest':
testDelay_selftest.c:52:58: warning: comparison between signed and unsigned integer expressions [-Wsign-compare]
    if ( TESTDELAY_mReadReg (baseaddr, read_loop_index*4) != (read_loop_index+1)*READ_WRITE_MUL_FACTOR){
                                                          ^~
testDelay_selftest.c:36:6: warning: unused variable 'Index' [-Wunused-variable]
  int Index;
      ^~~~~
Running Make libs in ps7_cortexa9_0/libsrc/xadcps_v2_2/src
make -C ps7_cortexa9_0/libsrc/xadcps_v2_2/src -s libs  "SHELL=/bin/sh" "COMPILER=arm-none-eabi-gcc" "ARCHIVER=arm-none-eabi-ar" "COMPILER_FLAGS=  -O2 -c" "EXTRA_COMPILER_FLAGS=-mcpu=cortex-a9 -mfpu=vfpv3 -mfloat-abi=hard -nostartfiles -g -Wall -Wextra"
Compiling xadcps
Running Make libs in ps7_cortexa9_0/libsrc/implement_gtid_v1_00_a/src
make -C ps7_cortexa9_0/libsrc/implement_gtid_v1_00_a/src -s libs  "SHELL=/bin/sh" "COMPILER=arm-none-eabi-gcc" "ARCHIVER=arm-none-eabi-ar" "COMPILER_FLAGS=  -O2 -c" "EXTRA_COMPILER_FLAGS=-mcpu=cortex-a9 -mfpu=vfpv3 -mfloat-abi=hard -nostartfiles -g -Wall -Wextra"
Compiling implement_gtid...
implement_gtid_selftest.c: In function 'IMPLEMENT_GTID_Reg_SelfTest':
implement_gtid_selftest.c:52:63: warning: comparison between signed and unsigned integer expressions [-Wsign-compare]
    if ( IMPLEMENT_GTID_mReadReg (baseaddr, read_loop_index*4) != (read_loop_index+1)*READ_WRITE_MUL_FACTOR){
                                                               ^~
implement_gtid_selftest.c:36:6: warning: unused variable 'Index' [-Wunused-variable]
  int Index;
      ^~~~~
Running Make libs in ps7_cortexa9_0/libsrc/trigwordfifo_v1_00_a/src
make -C ps7_cortexa9_0/libsrc/trigwordfifo_v1_00_a/src -s libs  "SHELL=/bin/sh" "COMPILER=arm-none-eabi-gcc" "ARCHIVER=arm-none-eabi-ar" "COMPILER_FLAGS=  -O2 -c" "EXTRA_COMPILER_FLAGS=-mcpu=cortex-a9 -mfpu=vfpv3 -mfloat-abi=hard -nostartfiles -g -Wall -Wextra"
Compiling trigwordfifo...
trigwordfifo_selftest.c: In function 'TRIGWORDFIFO_Reg_SelfTest':
trigwordfifo_selftest.c:52:61: warning: comparison between signed and unsigned integer expressions [-Wsign-compare]
    if ( TRIGWORDFIFO_mReadReg (baseaddr, read_loop_index*4) != (read_loop_index+1)*READ_WRITE_MUL_FACTOR){
                                                             ^~
trigwordfifo_selftest.c:36:6: warning: unused variable 'Index' [-Wunused-variable]
  int Index;
      ^~~~~
Running Make libs in ps7_cortexa9_0/libsrc/combotrigger_v1_00_a/src
make -C ps7_cortexa9_0/libsrc/combotrigger_v1_00_a/src -s libs  "SHELL=/bin/sh" "COMPILER=arm-none-eabi-gcc" "ARCHIVER=arm-none-eabi-ar" "COMPILER_FLAGS=  -O2 -c" "EXTRA_COMPILER_FLAGS=-mcpu=cortex-a9 -mfpu=vfpv3 -mfloat-abi=hard -nostartfiles -g -Wall -Wextra"
Compiling comboTrigger...
comboTrigger_selftest.c: In function 'COMBOTRIGGER_Reg_SelfTest':
comboTrigger_selftest.c:52:61: warning: comparison between signed and unsigned integer expressions [-Wsign-compare]
    if ( COMBOTRIGGER_mReadReg (baseaddr, read_loop_index*4) != (read_loop_index+1)*READ_WRITE_MUL_FACTOR){
                                                             ^~
comboTrigger_selftest.c:36:6: warning: unused variable 'Index' [-Wunused-variable]
  int Index;
      ^~~~~
Running Make libs in ps7_cortexa9_0/libsrc/triggers_v1_00_a/src
make -C ps7_cortexa9_0/libsrc/triggers_v1_00_a/src -s libs  "SHELL=/bin/sh" "COMPILER=arm-none-eabi-gcc" "ARCHIVER=arm-none-eabi-ar" "COMPILER_FLAGS=  -O2 -c" "EXTRA_COMPILER_FLAGS=-mcpu=cortex-a9 -mfpu=vfpv3 -mfloat-abi=hard -nostartfiles -g -Wall -Wextra"
Compiling triggers...
triggers_selftest.c: In function 'TRIGGERS_Reg_SelfTest':
triggers_selftest.c:52:57: warning: comparison between signed and unsigned integer expressions [-Wsign-compare]
    if ( TRIGGERS_mReadReg (baseaddr, read_loop_index*4) != (read_loop_index+1)*READ_WRITE_MUL_FACTOR){
                                                         ^~
triggers_selftest.c:36:6: warning: unused variable 'Index' [-Wunused-variable]
  int Index;
      ^~~~~
Running Make libs in ps7_cortexa9_0/libsrc/devcfg_v3_5/src
make -C ps7_cortexa9_0/libsrc/devcfg_v3_5/src -s libs  "SHELL=/bin/sh" "COMPILER=arm-none-eabi-gcc" "ARCHIVER=arm-none-eabi-ar" "COMPILER_FLAGS=  -O2 -c" "EXTRA_COMPILER_FLAGS=-mcpu=cortex-a9 -mfpu=vfpv3 -mfloat-abi=hard -nostartfiles -g -Wall -Wextra"
Compiling devcfg
Running Make libs in ps7_cortexa9_0/libsrc/bursttrigger_v1_00_a/src
make -C ps7_cortexa9_0/libsrc/bursttrigger_v1_00_a/src -s libs  "SHELL=/bin/sh" "COMPILER=arm-none-eabi-gcc" "ARCHIVER=arm-none-eabi-ar" "COMPILER_FLAGS=  -O2 -c" "EXTRA_COMPILER_FLAGS=-mcpu=cortex-a9 -mfpu=vfpv3 -mfloat-abi=hard -nostartfiles -g -Wall -Wextra"
Compiling burstTrigger...
burstTrigger_selftest.c: In function 'BURSTTRIGGER_Reg_SelfTest':
burstTrigger_selftest.c:52:61: warning: comparison between signed and unsigned integer expressions [-Wsign-compare]
    if ( BURSTTRIGGER_mReadReg (baseaddr, read_loop_index*4) != (read_loop_index+1)*READ_WRITE_MUL_FACTOR){
                                                             ^~
burstTrigger_selftest.c:36:6: warning: unused variable 'Index' [-Wunused-variable]
  int Index;
      ^~~~~
Running Make libs in ps7_cortexa9_0/libsrc/scuwdt_v2_1/src
make -C ps7_cortexa9_0/libsrc/scuwdt_v2_1/src -s libs  "SHELL=/bin/sh" "COMPILER=arm-none-eabi-gcc" "ARCHIVER=arm-none-eabi-ar" "COMPILER_FLAGS=  -O2 -c" "EXTRA_COMPILER_FLAGS=-mcpu=cortex-a9 -mfpu=vfpv3 -mfloat-abi=hard -nostartfiles -g -Wall -Wextra"
Compiling scuwdt
Running Make libs in ps7_cortexa9_0/libsrc/shiftregisters_v1_00_a/src
make -C ps7_cortexa9_0/libsrc/shiftregisters_v1_00_a/src -s libs  "SHELL=/bin/sh" "COMPILER=arm-none-eabi-gcc" "ARCHIVER=arm-none-eabi-ar" "COMPILER_FLAGS=  -O2 -c" "EXTRA_COMPILER_FLAGS=-mcpu=cortex-a9 -mfpu=vfpv3 -mfloat-abi=hard -nostartfiles -g -Wall -Wextra"
Compiling ShiftRegisters...
ShiftRegisters_selftest.c: In function 'SHIFTREGISTERS_Reg_SelfTest':
ShiftRegisters_selftest.c:52:63: warning: comparison between signed and unsigned integer expressions [-Wsign-compare]
    if ( SHIFTREGISTERS_mReadReg (baseaddr, read_loop_index*4) != (read_loop_index+1)*READ_WRITE_MUL_FACTOR){
                                                               ^~
ShiftRegisters_selftest.c:36:6: warning: unused variable 'Index' [-Wunused-variable]
  int Index;
      ^~~~~
Running Make libs in ps7_cortexa9_0/libsrc/usbps_v2_4/src
make -C ps7_cortexa9_0/libsrc/usbps_v2_4/src -s libs  "SHELL=/bin/sh" "COMPILER=arm-none-eabi-gcc" "ARCHIVER=arm-none-eabi-ar" "COMPILER_FLAGS=  -O2 -c" "EXTRA_COMPILER_FLAGS=-mcpu=cortex-a9 -mfpu=vfpv3 -mfloat-abi=hard -nostartfiles -g -Wall -Wextra"
Compiling usbps
Running Make libs in ps7_cortexa9_0/libsrc/ellie_control_v1_00_a/src
make -C ps7_cortexa9_0/libsrc/ellie_control_v1_00_a/src -s libs  "SHELL=/bin/sh" "COMPILER=arm-none-eabi-gcc" "ARCHIVER=arm-none-eabi-ar" "COMPILER_FLAGS=  -O2 -c" "EXTRA_COMPILER_FLAGS=-mcpu=cortex-a9 -mfpu=vfpv3 -mfloat-abi=hard -nostartfiles -g -Wall -Wextra"
Compiling ellie_control...
ellie_control_selftest.c: In function 'ELLIE_CONTROL_Reg_SelfTest':
ellie_control_selftest.c:52:62: warning: comparison between signed and unsigned integer expressions [-Wsign-compare]
    if ( ELLIE_CONTROL_mReadReg (baseaddr, read_loop_index*4) != (read_loop_index+1)*READ_WRITE_MUL_FACTOR){
                                                              ^~
ellie_control_selftest.c:36:6: warning: unused variable 'Index' [-Wunused-variable]
  int Index;
      ^~~~~
Running Make libs in ps7_cortexa9_0/libsrc/clocklogic_v1_00_a/src
make -C ps7_cortexa9_0/libsrc/clocklogic_v1_00_a/src -s libs  "SHELL=/bin/sh" "COMPILER=arm-none-eabi-gcc" "ARCHIVER=arm-none-eabi-ar" "COMPILER_FLAGS=  -O2 -c" "EXTRA_COMPILER_FLAGS=-mcpu=cortex-a9 -mfpu=vfpv3 -mfloat-abi=hard -nostartfiles -g -Wall -Wextra"
Compiling clockLogic...
clockLogic_selftest.c: In function 'CLOCKLOGIC_Reg_SelfTest':
clockLogic_selftest.c:52:59: warning: comparison between signed and unsigned integer expressions [-Wsign-compare]
    if ( CLOCKLOGIC_mReadReg (baseaddr, read_loop_index*4) != (read_loop_index+1)*READ_WRITE_MUL_FACTOR){
                                                           ^~
clockLogic_selftest.c:36:6: warning: unused variable 'Index' [-Wunused-variable]
  int Index;
      ^~~~~
Running Make libs in ps7_cortexa9_0/libsrc/sdps_v3_5/src
make -C ps7_cortexa9_0/libsrc/sdps_v3_5/src -s libs  "SHELL=/bin/sh" "COMPILER=arm-none-eabi-gcc" "ARCHIVER=arm-none-eabi-ar" "COMPILER_FLAGS=  -O2 -c" "EXTRA_COMPILER_FLAGS=-mcpu=cortex-a9 -mfpu=vfpv3 -mfloat-abi=hard -nostartfiles -g -Wall -Wextra"
Compiling sdps
Running Make libs in ps7_cortexa9_0/libsrc/cpu_cortexa9_v2_6/src
make -C ps7_cortexa9_0/libsrc/cpu_cortexa9_v2_6/src -s libs  "SHELL=/bin/sh" "COMPILER=arm-none-eabi-gcc" "ARCHIVER=arm-none-eabi-ar" "COMPILER_FLAGS=  -O2 -c" "EXTRA_COMPILER_FLAGS=-mcpu=cortex-a9 -mfpu=vfpv3 -mfloat-abi=hard -nostartfiles -g -Wall -Wextra"
Compiling cpu_cortexa9
Running Make libs in ps7_cortexa9_0/libsrc/coresightps_dcc_v1_4/src
make -C ps7_cortexa9_0/libsrc/coresightps_dcc_v1_4/src -s libs  "SHELL=/bin/sh" "COMPILER=arm-none-eabi-gcc" "ARCHIVER=arm-none-eabi-ar" "COMPILER_FLAGS=  -O2 -c" "EXTRA_COMPILER_FLAGS=-mcpu=cortex-a9 -mfpu=vfpv3 -mfloat-abi=hard -nostartfiles -g -Wall -Wextra"
Compiling coresightps_dcc
Running Make libs in ps7_cortexa9_0/libsrc/scutimer_v2_1/src
make -C ps7_cortexa9_0/libsrc/scutimer_v2_1/src -s libs  "SHELL=/bin/sh" "COMPILER=arm-none-eabi-gcc" "ARCHIVER=arm-none-eabi-ar" "COMPILER_FLAGS=  -O2 -c" "EXTRA_COMPILER_FLAGS=-mcpu=cortex-a9 -mfpu=vfpv3 -mfloat-abi=hard -nostartfiles -g -Wall -Wextra"
Compiling scutimer
Finished building libraries

17:07:59 Build Finished (took 19s.956ms)

